mode: atomic
github.com/alex-held/devctl/cli/internal/golang/download.go:35.44,37.2 1 0
github.com/alex-held/devctl/cli/internal/golang/download.go:39.47,41.2 1 0
github.com/alex-held/devctl/cli/internal/golang/download.go:48.48,50.2 1 0
github.com/alex-held/devctl/cli/internal/golang/download.go:52.54,56.2 3 0
github.com/alex-held/devctl/cli/internal/golang/download.go:58.57,60.2 1 0
github.com/alex-held/devctl/cli/internal/golang/download.go:62.57,64.2 1 0
github.com/alex-held/devctl/cli/internal/golang/download.go:66.57,69.2 2 0
github.com/alex-held/devctl/cli/internal/golang/download.go:79.55,81.2 1 0
github.com/alex-held/devctl/cli/internal/golang/download.go:83.62,84.16 1 0
github.com/alex-held/devctl/cli/internal/golang/download.go:87.2,87.16 1 0
github.com/alex-held/devctl/cli/internal/golang/download.go:90.2,90.15 1 0
github.com/alex-held/devctl/cli/internal/golang/download.go:93.2,98.10 2 0
github.com/alex-held/devctl/cli/internal/golang/download.go:84.16,86.3 1 0
github.com/alex-held/devctl/cli/internal/golang/download.go:87.16,89.3 1 0
github.com/alex-held/devctl/cli/internal/golang/download.go:90.15,92.3 1 0
github.com/alex-held/devctl/cli/internal/golang/download.go:101.33,103.2 1 0
github.com/alex-held/devctl/cli/internal/golang/download.go:105.58,109.2 3 0
github.com/alex-held/devctl/cli/internal/golang/download.go:111.97,116.26 4 0
github.com/alex-held/devctl/cli/internal/golang/download.go:121.2,122.16 2 0
github.com/alex-held/devctl/cli/internal/golang/download.go:125.2,126.16 2 0
github.com/alex-held/devctl/cli/internal/golang/download.go:130.2,132.16 3 0
github.com/alex-held/devctl/cli/internal/golang/download.go:135.2,135.12 1 0
github.com/alex-held/devctl/cli/internal/golang/download.go:116.26,119.3 2 0
github.com/alex-held/devctl/cli/internal/golang/download.go:122.16,124.3 1 0
github.com/alex-held/devctl/cli/internal/golang/download.go:126.16,128.3 1 0
github.com/alex-held/devctl/cli/internal/golang/download.go:132.16,134.3 1 0
github.com/alex-held/devctl/cli/internal/golang/download.go:138.34,139.16 1 0
github.com/alex-held/devctl/cli/internal/golang/download.go:142.2,148.3 5 0
github.com/alex-held/devctl/cli/internal/golang/download.go:139.16,141.3 1 0
github.com/alex-held/devctl/cli/internal/golang/download.go:151.43,153.2 1 0
github.com/alex-held/devctl/cli/internal/golang/find.go:12.83,13.25 1 0
github.com/alex-held/devctl/cli/internal/golang/find.go:19.2,19.12 1 0
github.com/alex-held/devctl/cli/internal/golang/find.go:13.25,14.32 1 0
github.com/alex-held/devctl/cli/internal/golang/find.go:17.3,17.34 1 0
github.com/alex-held/devctl/cli/internal/golang/find.go:14.32,15.12 1 0
github.com/alex-held/devctl/cli/internal/golang/find.go:22.73,23.26 1 0
github.com/alex-held/devctl/cli/internal/golang/find.go:38.2,38.12 1 0
github.com/alex-held/devctl/cli/internal/golang/find.go:23.26,25.10 2 0
github.com/alex-held/devctl/cli/internal/golang/find.go:29.3,29.33 1 0
github.com/alex-held/devctl/cli/internal/golang/find.go:34.3,34.40 1 0
github.com/alex-held/devctl/cli/internal/golang/find.go:25.10,26.12 1 0
github.com/alex-held/devctl/cli/internal/golang/find.go:29.33,30.27 1 0
github.com/alex-held/devctl/cli/internal/golang/find.go:30.27,32.5 1 0
github.com/alex-held/devctl/cli/internal/golang/find.go:34.40,36.4 1 0
github.com/alex-held/devctl/cli/internal/golang/gosdk.go:24.90,26.2 1 0
github.com/alex-held/devctl/cli/internal/golang/gosdk.go:28.37,30.2 1 0
github.com/alex-held/devctl/cli/internal/golang/gosdk.go:32.40,34.2 1 0
github.com/alex-held/devctl/cli/internal/golang/gosdk.go:36.41,38.2 1 0
github.com/alex-held/devctl/cli/internal/golang/gosdk.go:40.51,47.2 1 0
github.com/alex-held/devctl/cli/internal/golang/gosdk.go:49.53,51.24 2 0
github.com/alex-held/devctl/cli/internal/golang/gosdk.go:55.2,56.34 2 0
github.com/alex-held/devctl/cli/internal/golang/gosdk.go:62.2,62.14 1 0
github.com/alex-held/devctl/cli/internal/golang/gosdk.go:51.24,53.3 1 0
github.com/alex-held/devctl/cli/internal/golang/gosdk.go:56.34,57.19 1 0
github.com/alex-held/devctl/cli/internal/golang/gosdk.go:58.18,59.28 1 0
github.com/alex-held/devctl/cli/internal/golang/gosdk.go:65.50,67.2 1 0
github.com/alex-held/devctl/cli/internal/golang/main.go:10.80,14.34 3 0
github.com/alex-held/devctl/cli/internal/golang/main.go:15.17,16.32 1 0
github.com/alex-held/devctl/cli/internal/golang/main.go:19.3,19.45 1 0
github.com/alex-held/devctl/cli/internal/golang/main.go:20.10,21.73 1 0
github.com/alex-held/devctl/cli/internal/golang/main.go:16.32,18.4 1 0
github.com/alex-held/devctl/cli/internal/golang/install.go:31.46,33.2 1 0
github.com/alex-held/devctl/cli/internal/golang/install.go:35.43,37.2 1 0
github.com/alex-held/devctl/cli/internal/golang/install.go:39.33,40.21 1 0
github.com/alex-held/devctl/cli/internal/golang/install.go:43.2,43.19 1 0
github.com/alex-held/devctl/cli/internal/golang/install.go:46.2,46.24 1 0
github.com/alex-held/devctl/cli/internal/golang/install.go:40.21,42.3 1 0
github.com/alex-held/devctl/cli/internal/golang/install.go:43.19,45.3 1 0
github.com/alex-held/devctl/cli/internal/golang/install.go:46.24,48.3 1 0
github.com/alex-held/devctl/cli/internal/golang/install.go:51.102,65.70 11 0
github.com/alex-held/devctl/cli/internal/golang/install.go:85.2,87.16 3 0
github.com/alex-held/devctl/cli/internal/golang/install.go:90.2,91.16 2 0
github.com/alex-held/devctl/cli/internal/golang/install.go:94.2,95.16 2 0
github.com/alex-held/devctl/cli/internal/golang/install.go:99.2,99.12 1 0
github.com/alex-held/devctl/cli/internal/golang/install.go:65.70,78.17 3 0
github.com/alex-held/devctl/cli/internal/golang/install.go:78.17,82.4 3 0
github.com/alex-held/devctl/cli/internal/golang/install.go:87.16,89.3 1 0
github.com/alex-held/devctl/cli/internal/golang/install.go:91.16,93.3 1 0
github.com/alex-held/devctl/cli/internal/golang/install.go:95.16,97.3 1 0
github.com/alex-held/devctl/cli/internal/golang/install.go:102.59,104.2 1 0
github.com/alex-held/devctl/cli/internal/golang/install.go:107.81,111.6 3 0
github.com/alex-held/devctl/cli/internal/golang/install.go:144.2,144.12 1 0
github.com/alex-held/devctl/cli/internal/golang/install.go:111.6,113.20 2 0
github.com/alex-held/devctl/cli/internal/golang/install.go:119.3,120.21 2 0
github.com/alex-held/devctl/cli/internal/golang/install.go:124.3,127.17 3 0
github.com/alex-held/devctl/cli/internal/golang/install.go:133.3,134.17 2 0
github.com/alex-held/devctl/cli/internal/golang/install.go:138.3,140.17 3 0
github.com/alex-held/devctl/cli/internal/golang/install.go:113.20,114.9 1 0
github.com/alex-held/devctl/cli/internal/golang/install.go:115.9,115.24 1 0
github.com/alex-held/devctl/cli/internal/golang/install.go:115.24,117.4 1 0
github.com/alex-held/devctl/cli/internal/golang/install.go:120.21,122.4 1 0
github.com/alex-held/devctl/cli/internal/golang/install.go:127.17,128.47 1 0
github.com/alex-held/devctl/cli/internal/golang/install.go:131.4,131.12 1 0
github.com/alex-held/devctl/cli/internal/golang/install.go:128.47,130.5 1 0
github.com/alex-held/devctl/cli/internal/golang/install.go:134.17,136.4 1 0
github.com/alex-held/devctl/cli/internal/golang/install.go:140.17,142.4 1 0
github.com/alex-held/devctl/cli/internal/golang/install.go:147.38,148.31 1 0
github.com/alex-held/devctl/cli/internal/golang/install.go:148.31,153.3 4 0
github.com/alex-held/devctl/cli/internal/golang/list.go:22.32,23.21 1 0
github.com/alex-held/devctl/cli/internal/golang/list.go:26.2,26.19 1 0
github.com/alex-held/devctl/cli/internal/golang/list.go:23.21,25.3 1 0
github.com/alex-held/devctl/cli/internal/golang/list.go:26.19,28.3 1 0
github.com/alex-held/devctl/cli/internal/golang/list.go:31.42,33.2 1 0
github.com/alex-held/devctl/cli/internal/golang/list.go:35.45,37.2 1 0
github.com/alex-held/devctl/cli/internal/golang/list.go:39.87,42.16 3 0
github.com/alex-held/devctl/cli/internal/golang/list.go:45.2,45.25 1 0
github.com/alex-held/devctl/cli/internal/golang/list.go:50.2,50.12 1 0
github.com/alex-held/devctl/cli/internal/golang/list.go:42.16,44.3 1 0
github.com/alex-held/devctl/cli/internal/golang/list.go:45.25,46.29 1 0
github.com/alex-held/devctl/cli/internal/golang/list.go:46.29,48.4 1 0
github.com/alex-held/devctl/cli/internal/golang/plugins.go:7.33,18.2 1 0
github.com/alex-held/devctl/cli/internal/golang/shared.go:12.80,19.16 6 0
github.com/alex-held/devctl/cli/internal/golang/shared.go:23.2,26.16 3 0
github.com/alex-held/devctl/cli/internal/golang/shared.go:32.2,32.37 1 0
github.com/alex-held/devctl/cli/internal/golang/shared.go:35.2,35.20 1 0
github.com/alex-held/devctl/cli/internal/golang/shared.go:41.2,44.16 3 0
github.com/alex-held/devctl/cli/internal/golang/shared.go:47.2,47.12 1 0
github.com/alex-held/devctl/cli/internal/golang/shared.go:19.16,22.3 2 0
github.com/alex-held/devctl/cli/internal/golang/shared.go:26.16,28.17 2 0
github.com/alex-held/devctl/cli/internal/golang/shared.go:28.17,30.4 1 0
github.com/alex-held/devctl/cli/internal/golang/shared.go:32.37,34.3 1 0
github.com/alex-held/devctl/cli/internal/golang/shared.go:35.20,37.17 2 0
github.com/alex-held/devctl/cli/internal/golang/shared.go:37.17,39.4 1 0
github.com/alex-held/devctl/cli/internal/golang/shared.go:44.16,46.3 1 0
github.com/alex-held/devctl/cli/internal/golang/use.go:21.29,22.21 1 2
github.com/alex-held/devctl/cli/internal/golang/use.go:25.2,25.19 1 2
github.com/alex-held/devctl/cli/internal/golang/use.go:22.21,24.3 1 0
github.com/alex-held/devctl/cli/internal/golang/use.go:25.19,27.3 1 0
github.com/alex-held/devctl/cli/internal/golang/use.go:30.42,32.2 1 0
github.com/alex-held/devctl/cli/internal/golang/use.go:34.39,36.2 1 0
github.com/alex-held/devctl/cli/internal/golang/use.go:38.98,46.16 6 2
github.com/alex-held/devctl/cli/internal/golang/use.go:52.2,55.53 2 2
github.com/alex-held/devctl/cli/internal/golang/use.go:66.2,67.12 2 2
github.com/alex-held/devctl/cli/internal/golang/use.go:46.16,49.3 2 1
github.com/alex-held/devctl/cli/internal/golang/use.go:55.53,59.62 1 1
github.com/alex-held/devctl/cli/internal/golang/use.go:59.62,61.4 1 0
