mode: atomic
github.com/alex-held/devctl/internal/sdk/sdk.go:15.53,18.2 2 2
github.com/alex-held/devctl/internal/sdk/sdk.go:20.49,22.2 1 3
github.com/alex-held/devctl/internal/sdk/sdk.go:26.71,28.57 2 3
github.com/alex-held/devctl/internal/sdk/sdk.go:31.2,31.58 1 1
github.com/alex-held/devctl/internal/sdk/sdk.go:28.57,30.3 1 2
github.com/alex-held/devctl/internal/sdk/sdk.go:31.58,33.3 1 3
github.com/alex-held/devctl/internal/sdk/sdk.go:36.93,38.16 2 3
github.com/alex-held/devctl/internal/sdk/sdk.go:42.2,42.25 1 3
github.com/alex-held/devctl/internal/sdk/sdk.go:49.2,49.19 1 3
github.com/alex-held/devctl/internal/sdk/sdk.go:38.16,40.3 1 0
github.com/alex-held/devctl/internal/sdk/sdk.go:42.25,44.25 2 6
github.com/alex-held/devctl/internal/sdk/sdk.go:44.25,46.4 1 6
