mode: atomic
github.com/alex-held/devctl/internal/system/arch.go:18.32,20.2 1 34
github.com/alex-held/devctl/internal/system/arch.go:22.45,23.9 1 5
github.com/alex-held/devctl/internal/system/arch.go:24.26,25.23 1 0
github.com/alex-held/devctl/internal/system/arch.go:26.24,27.21 1 3
github.com/alex-held/devctl/internal/system/arch.go:28.25,29.22 1 2
github.com/alex-held/devctl/internal/system/arch.go:30.10,31.55 1 0
github.com/alex-held/devctl/internal/system/arch.go:35.33,35.83 1 5
github.com/alex-held/devctl/internal/system/arch.go:36.33,36.82 1 9
github.com/alex-held/devctl/internal/system/arch.go:37.33,37.81 1 14
github.com/alex-held/devctl/internal/system/arch.go:39.47,41.2 1 0
github.com/alex-held/devctl/internal/system/arch.go:45.24,48.33 2 3
github.com/alex-held/devctl/internal/system/arch.go:54.2,54.20 1 3
github.com/alex-held/devctl/internal/system/arch.go:48.33,50.3 1 0
github.com/alex-held/devctl/internal/system/arch.go:50.8,52.3 1 3
github.com/alex-held/devctl/internal/system/arch.go:55.16,56.16 1 1
github.com/alex-held/devctl/internal/system/arch.go:57.17,58.17 1 1
github.com/alex-held/devctl/internal/system/arch.go:59.10,60.15 1 1
