mode: atomic
github.com/alex-held/devctl/pkg/plugins/downloader/downloader.go:12.96,19.2 1 2
github.com/alex-held/devctl/pkg/plugins/downloader/downloader.go:28.63,30.16 2 2
github.com/alex-held/devctl/pkg/plugins/downloader/downloader.go:33.2,34.16 2 2
github.com/alex-held/devctl/pkg/plugins/downloader/downloader.go:37.2,40.16 3 1
github.com/alex-held/devctl/pkg/plugins/downloader/downloader.go:44.2,47.12 4 1
github.com/alex-held/devctl/pkg/plugins/downloader/downloader.go:30.16,32.3 1 0
github.com/alex-held/devctl/pkg/plugins/downloader/downloader.go:34.16,36.3 1 1
github.com/alex-held/devctl/pkg/plugins/downloader/downloader.go:40.16,42.3 1 0
github.com/alex-held/devctl/pkg/plugins/downloader/downloader.go:50.64,54.16 4 1
github.com/alex-held/devctl/pkg/plugins/downloader/downloader.go:57.2,57.18 1 1
github.com/alex-held/devctl/pkg/plugins/downloader/downloader.go:54.16,56.3 1 0
