mode: atomic
github.com/alex-held/devctl/pkg/ui/taskrunner/options.go:13.49,16.4 1 2
github.com/alex-held/devctl/pkg/ui/taskrunner/options.go:26.57,26.58 0 0
github.com/alex-held/devctl/pkg/ui/taskrunner/options.go:27.57,27.58 0 2
github.com/alex-held/devctl/pkg/ui/taskrunner/options.go:28.57,28.58 0 2
github.com/alex-held/devctl/pkg/ui/taskrunner/options.go:29.57,29.58 0 0
github.com/alex-held/devctl/pkg/ui/taskrunner/options.go:31.33,32.42 1 2
github.com/alex-held/devctl/pkg/ui/taskrunner/options.go:32.42,35.3 2 2
github.com/alex-held/devctl/pkg/ui/taskrunner/options.go:38.60,39.42 1 1
github.com/alex-held/devctl/pkg/ui/taskrunner/options.go:39.42,42.3 2 4
github.com/alex-held/devctl/pkg/ui/taskrunner/options.go:45.48,46.42 1 2
github.com/alex-held/devctl/pkg/ui/taskrunner/options.go:46.42,49.3 2 5
github.com/alex-held/devctl/pkg/ui/taskrunner/options.go:52.40,53.42 1 4
github.com/alex-held/devctl/pkg/ui/taskrunner/options.go:53.42,56.3 2 4
github.com/alex-held/devctl/pkg/ui/taskrunner/options.go:59.37,60.42 1 5
github.com/alex-held/devctl/pkg/ui/taskrunner/options.go:60.42,63.3 2 8
github.com/alex-held/devctl/pkg/ui/taskrunner/output.go:16.40,18.2 1 0
github.com/alex-held/devctl/pkg/ui/taskrunner/output.go:20.76,24.2 3 0
github.com/alex-held/devctl/pkg/ui/taskrunner/output.go:26.76,30.2 3 5
github.com/alex-held/devctl/pkg/ui/taskrunner/output.go:32.65,34.2 1 5
github.com/alex-held/devctl/pkg/ui/taskrunner/task.go:15.60,15.84 1 0
github.com/alex-held/devctl/pkg/ui/taskrunner/task.go:16.60,16.84 1 0
github.com/alex-held/devctl/pkg/ui/taskrunner/task.go:25.34,31.2 1 8
github.com/alex-held/devctl/pkg/ui/taskrunner/task.go:33.54,35.2 1 4
github.com/alex-held/devctl/pkg/ui/taskrunner/task.go:39.73,40.27 1 3
github.com/alex-held/devctl/pkg/ui/taskrunner/task.go:45.2,45.15 1 3
github.com/alex-held/devctl/pkg/ui/taskrunner/task.go:40.27,41.23 1 6
github.com/alex-held/devctl/pkg/ui/taskrunner/task.go:41.23,43.4 1 3
github.com/alex-held/devctl/pkg/ui/taskrunner/task.go:48.80,49.27 1 1
github.com/alex-held/devctl/pkg/ui/taskrunner/task.go:53.2,53.15 1 1
github.com/alex-held/devctl/pkg/ui/taskrunner/task.go:49.27,52.3 2 1
github.com/alex-held/devctl/pkg/ui/taskrunner/task.go:56.103,62.2 1 0
github.com/alex-held/devctl/pkg/ui/taskrunner/task.go:70.45,72.2 1 7
github.com/alex-held/devctl/pkg/ui/taskrunner/task.go:74.65,75.23 1 3
github.com/alex-held/devctl/pkg/ui/taskrunner/task.go:78.2,78.12 1 2
github.com/alex-held/devctl/pkg/ui/taskrunner/task.go:75.23,77.3 1 1
github.com/alex-held/devctl/pkg/ui/taskrunner/tasker.go:12.57,17.37 2 4
github.com/alex-held/devctl/pkg/ui/taskrunner/tasker.go:20.2,20.27 1 4
github.com/alex-held/devctl/pkg/ui/taskrunner/tasker.go:23.2,24.15 2 4
github.com/alex-held/devctl/pkg/ui/taskrunner/tasker.go:17.37,19.3 1 12
github.com/alex-held/devctl/pkg/ui/taskrunner/tasker.go:20.27,22.3 1 11
github.com/alex-held/devctl/pkg/ui/taskrunner/tasker.go:36.53,37.62 1 4
github.com/alex-held/devctl/pkg/ui/taskrunner/tasker.go:44.2,51.12 2 4
github.com/alex-held/devctl/pkg/ui/taskrunner/tasker.go:73.2,73.6 1 4
github.com/alex-held/devctl/pkg/ui/taskrunner/tasker.go:37.62,42.3 1 2
github.com/alex-held/devctl/pkg/ui/taskrunner/tasker.go:51.12,52.29 1 4
github.com/alex-held/devctl/pkg/ui/taskrunner/tasker.go:70.3,70.24 1 4
github.com/alex-held/devctl/pkg/ui/taskrunner/tasker.go:52.29,66.18 5 7
github.com/alex-held/devctl/pkg/ui/taskrunner/tasker.go:66.18,67.10 1 0
github.com/alex-held/devctl/pkg/ui/taskrunner/tasker.go:73.6,74.10 1 5752
github.com/alex-held/devctl/pkg/ui/taskrunner/tasker.go:75.18,76.14 1 4
github.com/alex-held/devctl/pkg/ui/taskrunner/tasker.go:77.24,79.36 2 14
github.com/alex-held/devctl/pkg/ui/taskrunner/tasker.go:83.11,83.11 0 5734
github.com/alex-held/devctl/pkg/ui/taskrunner/tasker.go:79.36,81.5 1 0
github.com/alex-held/devctl/pkg/ui/taskrunner/tasker.go:89.73,92.35 1 0
github.com/alex-held/devctl/pkg/ui/taskrunner/tasker.go:97.2,97.15 1 0
github.com/alex-held/devctl/pkg/ui/taskrunner/tasker.go:92.35,94.4 1 0
github.com/alex-held/devctl/pkg/ui/taskrunner/tasker.go:100.40,106.2 5 0
github.com/alex-held/devctl/pkg/ui/taskrunner/tasker.go:112.56,112.70 1 7
github.com/alex-held/devctl/pkg/ui/taskrunner/tasker.go:113.56,113.90 1 7
github.com/alex-held/devctl/pkg/ui/taskrunner/tasker.go:120.42,120.60 1 7
github.com/alex-held/devctl/pkg/ui/taskrunner/tasker.go:121.54,122.20 1 7
github.com/alex-held/devctl/pkg/ui/taskrunner/tasker.go:126.2,126.21 1 7
github.com/alex-held/devctl/pkg/ui/taskrunner/tasker.go:122.20,125.3 2 0
