mode: atomic
github.com/alex-held/devctl/pkg/logging/logger.go:22.73,24.2 1 0
github.com/alex-held/devctl/pkg/logging/logger.go:25.65,25.103 1 0
github.com/alex-held/devctl/pkg/logging/logger.go:26.65,26.99 1 0
github.com/alex-held/devctl/pkg/logging/logger.go:27.65,27.101 1 0
github.com/alex-held/devctl/pkg/logging/logger.go:28.65,28.103 1 0
github.com/alex-held/devctl/pkg/logging/logger.go:29.65,29.92 1 0
github.com/alex-held/devctl/pkg/logging/logger.go:30.65,30.91 1 0
github.com/alex-held/devctl/pkg/logging/logger.go:31.65,31.92 1 0
github.com/alex-held/devctl/pkg/logging/logger.go:32.65,32.91 1 0
github.com/alex-held/devctl/pkg/logging/logger.go:33.65,33.94 1 0
github.com/alex-held/devctl/pkg/logging/logger.go:34.65,34.92 1 0
github.com/alex-held/devctl/pkg/logging/logger.go:35.65,35.92 1 0
github.com/alex-held/devctl/pkg/logging/logger.go:36.65,36.92 1 0
github.com/alex-held/devctl/pkg/logging/logger.go:37.65,37.94 1 0
github.com/alex-held/devctl/pkg/logging/logger.go:38.65,38.93 1 0
github.com/alex-held/devctl/pkg/logging/logger.go:39.65,39.94 1 0
github.com/alex-held/devctl/pkg/logging/logger.go:40.65,40.93 1 0
github.com/alex-held/devctl/pkg/logging/logger.go:41.65,41.96 1 0
github.com/alex-held/devctl/pkg/logging/logger.go:42.65,42.94 1 0
github.com/alex-held/devctl/pkg/logging/logger.go:43.65,43.94 1 0
github.com/alex-held/devctl/pkg/logging/logger.go:44.65,44.94 1 0
github.com/alex-held/devctl/pkg/logging/logger.go:54.36,60.31 2 1
github.com/alex-held/devctl/pkg/logging/logger.go:64.2,64.27 1 1
github.com/alex-held/devctl/pkg/logging/logger.go:68.2,69.15 2 1
github.com/alex-held/devctl/pkg/logging/logger.go:60.31,62.3 1 5
github.com/alex-held/devctl/pkg/logging/logger.go:64.27,66.3 1 2
github.com/alex-held/devctl/pkg/logging/options.go:12.46,13.33 1 0
github.com/alex-held/devctl/pkg/logging/options.go:13.33,16.3 2 0
github.com/alex-held/devctl/pkg/logging/options.go:19.52,20.33 1 1
github.com/alex-held/devctl/pkg/logging/options.go:20.33,23.3 2 1
github.com/alex-held/devctl/pkg/logging/options.go:26.41,27.33 1 0
github.com/alex-held/devctl/pkg/logging/options.go:27.33,30.3 2 0
github.com/alex-held/devctl/pkg/logging/options.go:33.42,34.33 1 1
github.com/alex-held/devctl/pkg/logging/options.go:34.33,38.3 3 1
github.com/alex-held/devctl/pkg/logging/options.go:41.41,42.33 1 1
github.com/alex-held/devctl/pkg/logging/options.go:42.33,45.3 2 1
github.com/alex-held/devctl/pkg/logging/options.go:48.39,49.33 1 2
github.com/alex-held/devctl/pkg/logging/options.go:49.33,55.3 5 2
github.com/alex-held/devctl/pkg/logging/options.go:58.35,59.33 1 2
github.com/alex-held/devctl/pkg/logging/options.go:59.33,62.3 2 2
github.com/alex-held/devctl/pkg/logging/options.go:65.39,66.33 1 0
github.com/alex-held/devctl/pkg/logging/options.go:66.33,69.3 2 0
github.com/alex-held/devctl/pkg/logging/debug.go:14.58,14.59 0 0
github.com/alex-held/devctl/pkg/logging/debug.go:17.41,20.20 3 1
github.com/alex-held/devctl/pkg/logging/debug.go:24.2,24.51 1 0
github.com/alex-held/devctl/pkg/logging/debug.go:28.2,28.12 1 0
github.com/alex-held/devctl/pkg/logging/debug.go:20.20,22.3 1 1
github.com/alex-held/devctl/pkg/logging/debug.go:24.51,26.3 1 0
github.com/alex-held/devctl/pkg/logging/debug.go:31.36,33.2 1 0
github.com/alex-held/devctl/pkg/logging/debug.go:35.47,36.15 1 0
github.com/alex-held/devctl/pkg/logging/debug.go:36.15,38.3 1 0
github.com/alex-held/devctl/pkg/logging/debug.go:41.34,42.25 1 0
github.com/alex-held/devctl/pkg/logging/debug.go:46.2,47.50 2 0
github.com/alex-held/devctl/pkg/logging/debug.go:42.25,44.3 1 0
github.com/alex-held/devctl/pkg/logging/debug.go:47.50,49.3 1 0
github.com/alex-held/devctl/pkg/logging/default_logger.go:12.35,13.11 1 2
github.com/alex-held/devctl/pkg/logging/default_logger.go:14.21,15.17 1 0
github.com/alex-held/devctl/pkg/logging/default_logger.go:16.21,17.17 1 0
github.com/alex-held/devctl/pkg/logging/default_logger.go:18.20,19.16 1 1
github.com/alex-held/devctl/pkg/logging/default_logger.go:20.20,21.16 1 1
github.com/alex-held/devctl/pkg/logging/default_logger.go:22.10,23.83 1 0
github.com/alex-held/devctl/pkg/logging/default_logger.go:58.61,60.2 1 0
github.com/alex-held/devctl/pkg/logging/default_logger.go:62.61,64.10 2 0
github.com/alex-held/devctl/pkg/logging/default_logger.go:67.61,68.29 1 0
github.com/alex-held/devctl/pkg/logging/default_logger.go:71.2,71.67 1 0
github.com/alex-held/devctl/pkg/logging/default_logger.go:68.29,70.3 1 0
github.com/alex-held/devctl/pkg/logging/default_logger.go:77.60,78.28 1 0
github.com/alex-held/devctl/pkg/logging/default_logger.go:81.2,81.66 1 0
github.com/alex-held/devctl/pkg/logging/default_logger.go:78.28,80.3 1 0
github.com/alex-held/devctl/pkg/logging/default_logger.go:84.61,85.29 1 0
github.com/alex-held/devctl/pkg/logging/default_logger.go:88.2,88.67 1 0
github.com/alex-held/devctl/pkg/logging/default_logger.go:85.29,87.3 1 0
github.com/alex-held/devctl/pkg/logging/default_logger.go:91.60,92.28 1 0
github.com/alex-held/devctl/pkg/logging/default_logger.go:95.2,95.66 1 0
github.com/alex-held/devctl/pkg/logging/default_logger.go:92.28,94.3 1 0
github.com/alex-held/devctl/pkg/logging/default_logger.go:98.73,99.19 1 0
github.com/alex-held/devctl/pkg/logging/default_logger.go:102.2,103.45 2 0
github.com/alex-held/devctl/pkg/logging/default_logger.go:99.19,101.3 1 0
github.com/alex-held/devctl/pkg/logging/default_logger.go:106.41,108.18 2 0
github.com/alex-held/devctl/pkg/logging/default_logger.go:111.2,113.14 3 0
github.com/alex-held/devctl/pkg/logging/default_logger.go:108.18,110.3 1 0
github.com/alex-held/devctl/pkg/logging/default_logger.go:116.43,116.62 1 0
github.com/alex-held/devctl/pkg/logging/default_logger.go:118.34,120.18 2 0
github.com/alex-held/devctl/pkg/logging/default_logger.go:123.2,123.15 1 0
github.com/alex-held/devctl/pkg/logging/default_logger.go:120.18,122.3 1 0
github.com/alex-held/devctl/pkg/logging/formatter.go:15.44,17.2 1 0
github.com/alex-held/devctl/pkg/logging/formatter.go:18.79,26.2 3 0
github.com/alex-held/devctl/pkg/logging/formatter.go:28.39,30.25 2 0
github.com/alex-held/devctl/pkg/logging/formatter.go:42.2,42.12 1 0
github.com/alex-held/devctl/pkg/logging/formatter.go:31.44,32.36 1 0
github.com/alex-held/devctl/pkg/logging/formatter.go:33.24,34.36 1 0
github.com/alex-held/devctl/pkg/logging/formatter.go:35.24,36.36 1 0
github.com/alex-held/devctl/pkg/logging/formatter.go:37.63,38.36 1 0
github.com/alex-held/devctl/pkg/logging/formatter.go:39.10,40.51 1 0
github.com/alex-held/devctl/pkg/logging/formatter.go:45.80,53.42 6 0
github.com/alex-held/devctl/pkg/logging/formatter.go:62.2,77.19 13 0
github.com/alex-held/devctl/pkg/logging/formatter.go:53.42,60.3 3 0
