mode: atomic
github.com/alex-held/devctl/internal/action/action.go:26.39,27.35 1 7
github.com/alex-held/devctl/internal/action/action.go:27.35,30.3 2 21
github.com/alex-held/devctl/internal/action/action.go:32.33,33.35 1 14
github.com/alex-held/devctl/internal/action/action.go:33.35,36.3 2 28
github.com/alex-held/devctl/internal/action/action.go:39.53,40.35 1 14
github.com/alex-held/devctl/internal/action/action.go:40.35,43.3 2 28
github.com/alex-held/devctl/internal/action/action.go:46.50,47.35 1 11
github.com/alex-held/devctl/internal/action/action.go:47.35,50.3 2 25
github.com/alex-held/devctl/internal/action/action.go:71.42,74.31 2 15
github.com/alex-held/devctl/internal/action/action.go:78.2,78.27 1 15
github.com/alex-held/devctl/internal/action/action.go:82.2,94.16 6 15
github.com/alex-held/devctl/internal/action/action.go:74.31,76.3 1 60
github.com/alex-held/devctl/internal/action/action.go:78.27,80.3 1 42
github.com/alex-held/devctl/internal/action/action.go:97.91,99.16 2 6
github.com/alex-held/devctl/internal/action/action.go:102.2,102.11 1 6
github.com/alex-held/devctl/internal/action/action.go:105.2,106.16 2 6
github.com/alex-held/devctl/internal/action/action.go:109.2,110.16 2 6
github.com/alex-held/devctl/internal/action/action.go:113.2,113.21 1 6
github.com/alex-held/devctl/internal/action/action.go:99.16,101.3 1 0
github.com/alex-held/devctl/internal/action/action.go:102.11,104.3 1 0
github.com/alex-held/devctl/internal/action/action.go:106.16,108.3 1 0
github.com/alex-held/devctl/internal/action/action.go:110.16,112.3 1 0
github.com/alex-held/devctl/internal/action/download.go:15.103,17.16 2 6
github.com/alex-held/devctl/internal/action/download.go:20.2,22.16 3 6
github.com/alex-held/devctl/internal/action/download.go:26.2,26.21 1 6
github.com/alex-held/devctl/internal/action/download.go:17.16,19.3 1 0
github.com/alex-held/devctl/internal/action/download.go:22.16,24.3 1 0
github.com/alex-held/devctl/internal/action/generate.go:28.29,30.16 2 1
github.com/alex-held/devctl/internal/action/generate.go:33.2,36.26 4 1
github.com/alex-held/devctl/internal/action/generate.go:30.16,32.3 1 0
github.com/alex-held/devctl/internal/action/install.go:20.99,22.16 2 3
github.com/alex-held/devctl/internal/action/install.go:26.2,27.16 2 3
github.com/alex-held/devctl/internal/action/install.go:31.2,31.35 1 3
github.com/alex-held/devctl/internal/action/install.go:39.2,39.19 1 3
github.com/alex-held/devctl/internal/action/install.go:22.16,24.3 1 0
github.com/alex-held/devctl/internal/action/install.go:27.16,29.3 1 0
github.com/alex-held/devctl/internal/action/install.go:31.35,32.62 1 153
github.com/alex-held/devctl/internal/action/install.go:35.3,35.17 1 153
github.com/alex-held/devctl/internal/action/install.go:32.62,34.4 1 120
github.com/alex-held/devctl/internal/action/install.go:35.17,37.4 1 0
github.com/alex-held/devctl/internal/action/install.go:42.105,44.16 2 153
github.com/alex-held/devctl/internal/action/install.go:48.2,49.16 2 153
github.com/alex-held/devctl/internal/action/install.go:53.2,55.40 3 153
github.com/alex-held/devctl/internal/action/install.go:58.2,59.16 2 153
github.com/alex-held/devctl/internal/action/install.go:62.2,64.33 3 153
github.com/alex-held/devctl/internal/action/install.go:67.2,68.16 2 153
github.com/alex-held/devctl/internal/action/install.go:71.2,71.12 1 153
github.com/alex-held/devctl/internal/action/install.go:44.16,46.3 1 0
github.com/alex-held/devctl/internal/action/install.go:49.16,51.3 1 0
github.com/alex-held/devctl/internal/action/install.go:55.40,57.3 1 120
github.com/alex-held/devctl/internal/action/install.go:59.16,61.3 1 0
github.com/alex-held/devctl/internal/action/install.go:64.33,66.3 1 0
github.com/alex-held/devctl/internal/action/install.go:68.16,70.3 1 0
github.com/alex-held/devctl/internal/action/install.go:74.47,79.37 4 153
github.com/alex-held/devctl/internal/action/install.go:82.2,82.18 1 153
github.com/alex-held/devctl/internal/action/install.go:79.37,81.3 1 0
github.com/alex-held/devctl/internal/action/install.go:85.93,88.16 3 3
github.com/alex-held/devctl/internal/action/install.go:92.2,93.16 2 3
github.com/alex-held/devctl/internal/action/install.go:100.2,100.28 1 3
github.com/alex-held/devctl/internal/action/install.go:88.16,90.3 1 0
github.com/alex-held/devctl/internal/action/install.go:93.16,98.3 1 0
