mode: atomic
github.com/alex-held/devctl/internal/config/conf.go:17.36,22.2 1 2
github.com/alex-held/devctl/internal/config/conf.go:43.42,45.14 2 1
github.com/alex-held/devctl/internal/config/conf.go:48.2,48.38 1 1
github.com/alex-held/devctl/internal/config/conf.go:45.14,47.3 1 0
github.com/alex-held/devctl/internal/config/conf.go:51.60,53.16 2 1
github.com/alex-held/devctl/internal/config/conf.go:56.2,59.16 3 1
github.com/alex-held/devctl/internal/config/conf.go:63.2,63.18 1 1
github.com/alex-held/devctl/internal/config/conf.go:53.16,55.3 1 0
github.com/alex-held/devctl/internal/config/conf.go:59.16,61.3 1 0
github.com/alex-held/devctl/internal/config/conf.go:66.80,68.2 1 0
github.com/alex-held/devctl/internal/config/conf.go:70.80,75.16 4 1
github.com/alex-held/devctl/internal/config/conf.go:79.2,82.16 3 1
github.com/alex-held/devctl/internal/config/conf.go:85.2,85.27 1 1
github.com/alex-held/devctl/internal/config/conf.go:75.16,77.3 1 0
github.com/alex-held/devctl/internal/config/conf.go:82.16,84.3 1 0
github.com/alex-held/devctl/internal/config/conf.go:88.65,90.16 2 0
github.com/alex-held/devctl/internal/config/conf.go:94.2,95.16 2 0
github.com/alex-held/devctl/internal/config/conf.go:98.2,98.12 1 0
github.com/alex-held/devctl/internal/config/conf.go:90.16,92.3 1 0
github.com/alex-held/devctl/internal/config/conf.go:95.16,97.3 1 0
