mode: atomic
github.com/alex-held/devctl/internal/sdkman/client.go:36.55,38.55 2 3
github.com/alex-held/devctl/internal/sdkman/client.go:41.2,41.33 1 3
github.com/alex-held/devctl/internal/sdkman/client.go:44.2,59.10 9 3
github.com/alex-held/devctl/internal/sdkman/client.go:38.55,40.3 1 9
github.com/alex-held/devctl/internal/sdkman/client.go:41.33,43.3 1 9
github.com/alex-held/devctl/internal/sdkman/client.go:67.114,68.45 1 3
github.com/alex-held/devctl/internal/sdkman/client.go:71.2,72.16 2 3
github.com/alex-held/devctl/internal/sdkman/client.go:76.2,77.17 2 3
github.com/alex-held/devctl/internal/sdkman/client.go:85.2,86.16 2 3
github.com/alex-held/devctl/internal/sdkman/client.go:89.2,89.17 1 3
github.com/alex-held/devctl/internal/sdkman/client.go:68.45,70.3 1 0
github.com/alex-held/devctl/internal/sdkman/client.go:72.16,74.3 1 0
github.com/alex-held/devctl/internal/sdkman/client.go:77.17,80.17 3 1
github.com/alex-held/devctl/internal/sdkman/client.go:80.17,82.4 1 0
github.com/alex-held/devctl/internal/sdkman/client.go:86.16,88.3 1 0
github.com/alex-held/devctl/internal/sdkman/download.go:26.128,27.9 1 1
github.com/alex-held/devctl/internal/sdkman/download.go:28.41,30.17 2 1
github.com/alex-held/devctl/internal/sdkman/download.go:33.3,34.17 2 1
github.com/alex-held/devctl/internal/sdkman/download.go:37.3,41.17 4 1
github.com/alex-held/devctl/internal/sdkman/download.go:45.3,45.17 1 1
github.com/alex-held/devctl/internal/sdkman/download.go:47.10,48.89 1 0
github.com/alex-held/devctl/internal/sdkman/download.go:30.17,32.4 1 0
github.com/alex-held/devctl/internal/sdkman/download.go:34.17,36.4 1 0
github.com/alex-held/devctl/internal/sdkman/download.go:41.17,43.4 1 0
github.com/alex-held/devctl/internal/sdkman/listSDK.go:18.50,20.2 0 1
github.com/alex-held/devctl/internal/sdkman/listSDK.go:23.34,53.24 7 0
github.com/alex-held/devctl/internal/sdkman/listSDK.go:56.2,56.20 1 0
github.com/alex-held/devctl/internal/sdkman/listSDK.go:53.24,55.3 1 0
github.com/alex-held/devctl/internal/sdkman/listSDK.go:63.108,67.16 2 1
github.com/alex-held/devctl/internal/sdkman/listSDK.go:70.2,71.16 2 1
github.com/alex-held/devctl/internal/sdkman/listSDK.go:74.2,77.16 3 1
github.com/alex-held/devctl/internal/sdkman/listSDK.go:81.2,83.27 3 1
github.com/alex-held/devctl/internal/sdkman/listSDK.go:67.16,69.3 1 0
github.com/alex-held/devctl/internal/sdkman/listSDK.go:71.16,73.3 1 0
github.com/alex-held/devctl/internal/sdkman/listSDK.go:77.16,79.3 1 0
github.com/alex-held/devctl/internal/sdkman/options.go:20.57,21.45 1 9
github.com/alex-held/devctl/internal/sdkman/options.go:21.45,22.20 1 9
github.com/alex-held/devctl/internal/sdkman/options.go:25.3,26.11 2 9
github.com/alex-held/devctl/internal/sdkman/options.go:22.20,24.4 1 1
github.com/alex-held/devctl/internal/sdkman/options.go:31.49,32.45 1 9
github.com/alex-held/devctl/internal/sdkman/options.go:32.45,33.16 1 9
github.com/alex-held/devctl/internal/sdkman/options.go:36.3,37.11 2 9
github.com/alex-held/devctl/internal/sdkman/options.go:33.16,35.4 1 1
github.com/alex-held/devctl/internal/sdkman/options.go:42.44,48.2 1 3
github.com/alex-held/devctl/internal/sdkman/options.go:51.46,52.45 1 8
github.com/alex-held/devctl/internal/sdkman/options.go:52.45,55.3 2 8
github.com/alex-held/devctl/internal/sdkman/version.go:20.107,23.16 2 1
github.com/alex-held/devctl/internal/sdkman/version.go:30.2,31.16 2 1
github.com/alex-held/devctl/internal/sdkman/version.go:39.2,40.50 2 1
github.com/alex-held/devctl/internal/sdkman/version.go:43.2,46.22 4 1
github.com/alex-held/devctl/internal/sdkman/version.go:23.16,28.3 1 0
github.com/alex-held/devctl/internal/sdkman/version.go:31.16,37.3 1 0
github.com/alex-held/devctl/internal/sdkman/version.go:40.50,42.3 1 0
github.com/alex-held/devctl/internal/sdkman/version.go:49.95,52.16 2 0
github.com/alex-held/devctl/internal/sdkman/version.go:59.2,60.16 2 0
github.com/alex-held/devctl/internal/sdkman/version.go:68.2,69.50 2 0
github.com/alex-held/devctl/internal/sdkman/version.go:72.2,74.18 3 0
github.com/alex-held/devctl/internal/sdkman/version.go:52.16,57.3 1 0
github.com/alex-held/devctl/internal/sdkman/version.go:60.16,66.3 1 0
github.com/alex-held/devctl/internal/sdkman/version.go:69.50,71.3 1 0
