mode: atomic
github.com/alex-held/devctl/internal/shell/section.go:10.49,10.77 1 0
github.com/alex-held/devctl/internal/shell/section.go:12.58,14.2 1 0
github.com/alex-held/devctl/internal/shell/section.go:16.58,18.2 1 0
github.com/alex-held/devctl/internal/shell/section.go:20.60,27.2 1 0
github.com/alex-held/devctl/internal/shell/section.go:29.34,33.14 4 3
github.com/alex-held/devctl/internal/shell/section.go:37.2,38.16 2 3
github.com/alex-held/devctl/internal/shell/section.go:41.2,41.21 1 3
github.com/alex-held/devctl/internal/shell/section.go:33.14,34.107 1 0
github.com/alex-held/devctl/internal/shell/section.go:38.16,39.13 1 0
github.com/alex-held/devctl/internal/shell/section.go:46.64,49.2 2 0
github.com/alex-held/devctl/internal/shell/zsh.go:3.22,8.2 1 0
github.com/alex-held/devctl/internal/shell/zsh_hook.go:21.59,24.2 2 0
github.com/alex-held/devctl/internal/shell/zsh_hook.go:28.88,29.41 1 0
github.com/alex-held/devctl/internal/shell/zsh_hook.go:29.41,31.3 1 0
github.com/alex-held/devctl/internal/shell/zsh_hook.go:34.66,43.2 3 9
github.com/alex-held/devctl/internal/shell/zsh_hook.go:45.66,52.2 3 9
github.com/alex-held/devctl/internal/shell/zsh_hook.go:54.55,59.2 4 9
github.com/alex-held/devctl/internal/shell/zsh_hook.go:88.80,90.2 1 9
github.com/alex-held/devctl/internal/shell/zsh_hook.go:92.132,93.49 1 0
github.com/alex-held/devctl/internal/shell/zsh_hook.go:93.49,98.3 4 0
github.com/alex-held/devctl/internal/shell/zsh_hook.go:101.75,103.2 1 0
github.com/alex-held/devctl/internal/shell/zsh_hook.go:105.64,110.2 1 0
github.com/alex-held/devctl/internal/shell/zsh_hook.go:112.74,115.2 2 0
github.com/alex-held/devctl/internal/shell/zsh_hook.go:117.47,117.59 1 0
github.com/alex-held/devctl/internal/shell/zsh_hook.go:120.71,122.2 1 0
github.com/alex-held/devctl/internal/shell/zsh_hook.go:125.89,126.49 1 9
github.com/alex-held/devctl/internal/shell/zsh_hook.go:126.49,144.3 4 9
github.com/alex-held/devctl/internal/shell/zsh_hook.go:162.41,168.2 2 0
github.com/alex-held/devctl/internal/shell/zsh_hook.go:170.43,170.55 1 0
github.com/alex-held/devctl/internal/shell/zsh_hook.go:171.43,171.55 1 3
github.com/alex-held/devctl/internal/shell/zsh_hook.go:172.43,172.58 1 3
github.com/alex-held/devctl/internal/shell/zsh_hook.go:179.51,182.2 2 3
github.com/alex-held/devctl/internal/shell/zsh_hook.go:184.98,188.2 3 0
github.com/alex-held/devctl/internal/shell/zsh_hook.go:190.46,193.25 2 3
github.com/alex-held/devctl/internal/shell/zsh_hook.go:197.2,198.25 2 3
github.com/alex-held/devctl/internal/shell/zsh_hook.go:193.25,195.3 1 0
github.com/alex-held/devctl/internal/shell/zsh_hook.go:201.33,201.52 1 3
github.com/alex-held/devctl/internal/shell/zsh_hook.go:202.33,202.54 1 0
github.com/alex-held/devctl/internal/shell/zsh_hook.go:219.73,220.49 1 0
github.com/alex-held/devctl/internal/shell/zsh_hook.go:220.49,221.30 1 0
github.com/alex-held/devctl/internal/shell/zsh_hook.go:224.3,224.11 1 0
github.com/alex-held/devctl/internal/shell/zsh_hook.go:221.30,223.4 1 0
github.com/alex-held/devctl/internal/shell/zsh_hook.go:228.65,230.30 2 9
github.com/alex-held/devctl/internal/shell/zsh_hook.go:233.2,233.15 1 9
github.com/alex-held/devctl/internal/shell/zsh_hook.go:230.30,232.3 1 9
github.com/alex-held/devctl/internal/shell/zsh_hook.go:236.48,236.60 1 0
github.com/alex-held/devctl/internal/shell/zsh_hook.go:238.53,239.21 1 0
github.com/alex-held/devctl/internal/shell/zsh_hook.go:242.2,242.24 1 0
github.com/alex-held/devctl/internal/shell/zsh_hook.go:239.21,241.3 1 0
github.com/alex-held/devctl/internal/shell/zsh_hook.go:250.60,253.2 2 0
github.com/alex-held/devctl/internal/shell/zsh_hook.go:262.32,264.2 1 6
github.com/alex-held/devctl/internal/shell/zsh_hook.go:266.34,268.2 1 0
github.com/alex-held/devctl/internal/shell/zsh_hook.go:270.77,273.16 2 3
github.com/alex-held/devctl/internal/shell/zsh_hook.go:278.2,288.16 5 3
github.com/alex-held/devctl/internal/shell/zsh_hook.go:292.2,292.18 1 3
github.com/alex-held/devctl/internal/shell/zsh_hook.go:273.16,276.3 2 0
github.com/alex-held/devctl/internal/shell/zsh_hook.go:288.16,290.3 1 0
