mode: atomic
github.com/alex-held/devctl/pkg/testutils/matchers/fs.go:13.54,14.19 1 2
github.com/alex-held/devctl/pkg/testutils/matchers/fs.go:27.2,29.3 1 0
github.com/alex-held/devctl/pkg/testutils/matchers/fs.go:15.15,18.4 1 0
github.com/alex-held/devctl/pkg/testutils/matchers/fs.go:19.16,22.4 1 2
github.com/alex-held/devctl/pkg/testutils/matchers/fs.go:23.10,24.100 1 0
github.com/alex-held/devctl/pkg/testutils/matchers/fs.go:36.95,38.9 2 2
github.com/alex-held/devctl/pkg/testutils/matchers/fs.go:42.2,43.32 2 2
github.com/alex-held/devctl/pkg/testutils/matchers/fs.go:58.2,58.33 1 2
github.com/alex-held/devctl/pkg/testutils/matchers/fs.go:67.2,67.18 1 1
github.com/alex-held/devctl/pkg/testutils/matchers/fs.go:38.9,40.3 1 0
github.com/alex-held/devctl/pkg/testutils/matchers/fs.go:44.16,45.26 1 2
github.com/alex-held/devctl/pkg/testutils/matchers/fs.go:49.15,50.26 1 0
github.com/alex-held/devctl/pkg/testutils/matchers/fs.go:54.10,55.106 1 0
github.com/alex-held/devctl/pkg/testutils/matchers/fs.go:45.26,48.4 2 2
github.com/alex-held/devctl/pkg/testutils/matchers/fs.go:50.26,53.4 2 0
github.com/alex-held/devctl/pkg/testutils/matchers/fs.go:58.33,59.10 1 1
github.com/alex-held/devctl/pkg/testutils/matchers/fs.go:60.27,61.21 1 1
github.com/alex-held/devctl/pkg/testutils/matchers/fs.go:62.11,63.21 1 0
github.com/alex-held/devctl/pkg/testutils/matchers/fs.go:70.95,72.2 1 0
github.com/alex-held/devctl/pkg/testutils/matchers/fs.go:74.102,76.2 1 0
github.com/alex-held/devctl/pkg/testutils/matchers/shell.go:18.55,20.21 2 0
github.com/alex-held/devctl/pkg/testutils/matchers/shell.go:23.2,23.22 1 0
github.com/alex-held/devctl/pkg/testutils/matchers/shell.go:20.21,22.3 1 0
github.com/alex-held/devctl/pkg/testutils/matchers/shell.go:26.83,28.28 2 0
github.com/alex-held/devctl/pkg/testutils/matchers/shell.go:38.2,38.63 1 0
github.com/alex-held/devctl/pkg/testutils/matchers/shell.go:29.14,30.19 1 0
github.com/alex-held/devctl/pkg/testutils/matchers/shell.go:31.20,32.28 1 0
github.com/alex-held/devctl/pkg/testutils/matchers/shell.go:33.22,34.30 1 0
github.com/alex-held/devctl/pkg/testutils/matchers/shell.go:35.10,36.113 1 0
github.com/alex-held/devctl/pkg/testutils/matchers/shell.go:41.83,43.2 1 0
github.com/alex-held/devctl/pkg/testutils/matchers/shell.go:45.90,47.2 1 0
github.com/alex-held/devctl/pkg/testutils/matchers/shell.go:53.80,59.2 1 0
github.com/alex-held/devctl/pkg/testutils/matchers/shell.go:65.79,75.2 2 0
