mode: atomic
github.com/alex-held/devctl/pkg/devctlpath/home.go:14.46,14.74 1 0
github.com/alex-held/devctl/pkg/devctlpath/home.go:15.46,15.75 1 35003
github.com/alex-held/devctl/pkg/devctlpath/home.go:16.46,16.76 1 14
github.com/alex-held/devctl/pkg/devctlpath/home.go:23.60,23.93 1 0
github.com/alex-held/devctl/pkg/devctlpath/home.go:24.60,24.92 1 4
github.com/alex-held/devctl/pkg/devctlpath/home.go:27.36,27.66 1 0
github.com/alex-held/devctl/pkg/devctlpath/home.go:28.50,30.2 1 0
github.com/alex-held/devctl/pkg/devctlpath/home.go:33.49,33.62 1 0
github.com/alex-held/devctl/pkg/devctlpath/home.go:34.49,34.61 1 0
github.com/alex-held/devctl/pkg/devctlpath/home.go:37.56,37.85 1 0
github.com/alex-held/devctl/pkg/devctlpath/home.go:38.56,38.101 1 5
github.com/alex-held/devctl/pkg/devctlpath/home.go:41.53,41.79 1 0
github.com/alex-held/devctl/pkg/devctlpath/home.go:42.53,42.95 1 5
github.com/alex-held/devctl/pkg/devctlpath/home.go:45.42,45.73 1 0
github.com/alex-held/devctl/pkg/devctlpath/home.go:46.58,48.2 1 5
github.com/alex-held/devctl/pkg/devctlpath/home.go:51.53,51.79 1 0
github.com/alex-held/devctl/pkg/devctlpath/home.go:52.53,52.96 1 5
github.com/alex-held/devctl/pkg/devctlpath/home.go:55.55,55.83 1 0
github.com/alex-held/devctl/pkg/devctlpath/home.go:56.55,56.86 1 35004
github.com/alex-held/devctl/pkg/devctlpath/home.go:59.41,60.16 1 0
github.com/alex-held/devctl/pkg/devctlpath/home.go:63.2,63.28 1 0
github.com/alex-held/devctl/pkg/devctlpath/home.go:60.16,62.3 1 0
github.com/alex-held/devctl/pkg/devctlpath/home.go:68.42,69.16 1 0
github.com/alex-held/devctl/pkg/devctlpath/home.go:72.2,72.28 1 0
github.com/alex-held/devctl/pkg/devctlpath/home.go:69.16,71.3 1 0
github.com/alex-held/devctl/pkg/devctlpath/lazypath.go:53.42,54.49 1 29
github.com/alex-held/devctl/pkg/devctlpath/lazypath.go:54.49,57.3 2 57
github.com/alex-held/devctl/pkg/devctlpath/lazypath.go:60.44,61.49 1 1
github.com/alex-held/devctl/pkg/devctlpath/lazypath.go:61.49,64.3 2 29
github.com/alex-held/devctl/pkg/devctlpath/lazypath.go:67.59,68.49 1 6
github.com/alex-held/devctl/pkg/devctlpath/lazypath.go:68.49,71.3 2 34
github.com/alex-held/devctl/pkg/devctlpath/lazypath.go:74.58,75.49 1 17
github.com/alex-held/devctl/pkg/devctlpath/lazypath.go:75.49,78.3 2 45
github.com/alex-held/devctl/pkg/devctlpath/lazypath.go:81.54,82.49 1 4
github.com/alex-held/devctl/pkg/devctlpath/lazypath.go:82.49,85.3 2 32
github.com/alex-held/devctl/pkg/devctlpath/lazypath.go:97.39,99.31 2 29
github.com/alex-held/devctl/pkg/devctlpath/lazypath.go:103.2,103.27 1 29
github.com/alex-held/devctl/pkg/devctlpath/lazypath.go:107.2,107.17 1 29
github.com/alex-held/devctl/pkg/devctlpath/lazypath.go:99.31,101.3 1 145
github.com/alex-held/devctl/pkg/devctlpath/lazypath.go:103.27,105.3 1 52
github.com/alex-held/devctl/pkg/devctlpath/lazypath.go:110.74,113.2 2 20
github.com/alex-held/devctl/pkg/devctlpath/lazypath.go:115.59,125.37 2 24
github.com/alex-held/devctl/pkg/devctlpath/lazypath.go:130.2,130.35 1 10
github.com/alex-held/devctl/pkg/devctlpath/lazypath.go:145.2,146.16 2 5
github.com/alex-held/devctl/pkg/devctlpath/lazypath.go:150.2,151.16 2 5
github.com/alex-held/devctl/pkg/devctlpath/lazypath.go:156.2,157.52 2 5
github.com/alex-held/devctl/pkg/devctlpath/lazypath.go:125.37,128.3 2 14
github.com/alex-held/devctl/pkg/devctlpath/lazypath.go:130.35,132.10 2 5
github.com/alex-held/devctl/pkg/devctlpath/lazypath.go:142.3,142.50 1 5
github.com/alex-held/devctl/pkg/devctlpath/lazypath.go:133.23,134.56 1 0
github.com/alex-held/devctl/pkg/devctlpath/lazypath.go:135.24,136.45 1 5
github.com/alex-held/devctl/pkg/devctlpath/lazypath.go:137.11,140.45 1 0
github.com/alex-held/devctl/pkg/devctlpath/lazypath.go:146.16,148.3 1 0
github.com/alex-held/devctl/pkg/devctlpath/lazypath.go:151.16,154.3 2 0
github.com/alex-held/devctl/pkg/devctlpath/lazypath.go:166.58,169.36 2 35004
github.com/alex-held/devctl/pkg/devctlpath/lazypath.go:175.2,176.13 2 1
github.com/alex-held/devctl/pkg/devctlpath/lazypath.go:181.2,182.13 2 1
github.com/alex-held/devctl/pkg/devctlpath/lazypath.go:187.2,189.49 3 1
github.com/alex-held/devctl/pkg/devctlpath/lazypath.go:169.36,173.3 3 35003
github.com/alex-held/devctl/pkg/devctlpath/lazypath.go:176.13,179.3 2 0
github.com/alex-held/devctl/pkg/devctlpath/lazypath.go:182.13,185.3 2 0
github.com/alex-held/devctl/pkg/devctlpath/lazypath.go:192.50,195.2 2 35014
github.com/alex-held/devctl/pkg/devctlpath/lazypath_darwin.go:11.24,13.30 2 6
github.com/alex-held/devctl/pkg/devctlpath/lazypath_darwin.go:16.2,16.13 1 6
github.com/alex-held/devctl/pkg/devctlpath/lazypath_darwin.go:13.30,15.3 1 0
github.com/alex-held/devctl/pkg/devctlpath/lazypath_darwin.go:19.25,21.2 1 1
github.com/alex-held/devctl/pkg/devctlpath/lazypath_darwin.go:23.41,24.34 1 5
github.com/alex-held/devctl/pkg/devctlpath/lazypath_darwin.go:24.34,26.3 1 5
